<?xml version="1.0" encoding="UTF-8"?>
<testng-results skipped="0" failed="0" ignored="0" total="1" passed="1">
  <reporter-output>
  </reporter-output>
  <suite name="Default suite" duration-ms="5063" started-at="2018-09-26T04:34:53Z" finished-at="2018-09-26T04:34:58Z">
    <groups>
    </groups>
    <test name="Default test" duration-ms="5063" started-at="2018-09-26T04:34:53Z" finished-at="2018-09-26T04:34:58Z">
      <class name="com.mindtree.test.SendReport">
        <test-method status="PASS" signature="sendReport()[pri:0, instance:com.mindtree.test.SendReport@548e7350]" name="sendReport" duration-ms="5020" started-at="2018-09-26T04:34:53Z" finished-at="2018-09-26T04:34:58Z">
          <reporter-output>
          </reporter-output>
        </test-method> <!-- sendReport -->
      </class> <!-- com.mindtree.test.SendReport -->
    </test> <!-- Default test -->
  </suite> <!-- Default suite -->
</testng-results>
